<?xml version='1.0' encoding='UTF-8'?>
<testsuite hostname="CN3126CH011005" name="startup.unit_testing.ArithmeticOperationSuite" tests="11" errors="0" failures="0" skipped="0" time="7.121" timestamp="2023-12-15T11:31:28">
          <properties>
[...]
</properties>
          <testcase classname="startup.unit_testing.ArithmeticOperationSuite" name="Evaluation of integer number expression is correct" time="0.021">
                      
                    </testcase><testcase classname="startup.unit_testing.ArithmeticOperationSuite" name="Evaluation of complex integer expression is correct" time="0.006">
                      
                    </testcase><testcase classname="startup.unit_testing.ArithmeticOperationSuite" name="Evaluation of integer addition expression is correct" time="0.0">
                      
                    </testcase><testcase classname="startup.unit_testing.ArithmeticOperationSuite" name="Evaluation of complex integer invalid operation is invalidated" time="0.001">
                      
                    </testcase><testcase classname="startup.unit_testing.ArithmeticOperationSuite" name="Evaluation of double number expression is correct" time="0.001">
                      
                    </testcase><testcase classname="startup.unit_testing.ArithmeticOperationSuite" name="Evaluation of complex double expression is correct" time="0.006">
                      
                    </testcase><testcase classname="startup.unit_testing.ArithmeticOperationSuite" name="Evaluation of double addition expression is correct" time="0.001">
                      
                    </testcase><testcase classname="startup.unit_testing.ArithmeticOperationSuite" name="Evaluation of Dataset number expression is correct" time="4.878">
                      
                    </testcase><testcase classname="startup.unit_testing.ArithmeticOperationSuite" name="Evaluation of complex Dataset expression is correct" time="1.393">
                      
                    </testcase><testcase classname="startup.unit_testing.ArithmeticOperationSuite" name="Evaluation of Dataset addition expression is correct" time="0.594">
                      
                    </testcase><testcase classname="startup.unit_testing.ArithmeticOperationSuite" name="Evaluation of complex dataframe invalid operation is invalidated" time="0.22">
                      
                    </testcase>
          <system-out><![CDATA[]]></system-out>
          <system-err><![CDATA[]]></system-err>
        </testsuite>