<?xml version='1.0' encoding='UTF-8'?>
<testsuite hostname="CN3126CH011005" name="web.WebServerSuite" tests="10" errors="0" failures="0" skipped="0" time="7.407" timestamp="2023-12-15T11:31:28">
          <properties>
[...]
</properties>
          <testcase classname="web.WebServerSuite" name="POST /do-thing should return the expected result" time="1.692">
                      
                    </testcase><testcase classname="web.WebServerSuite" name="GET /showdfstring should return the expected result" time="2.664">
                      
                    </testcase><testcase classname="web.WebServerSuite" name="GET /doesnt-exist should return correct status code" time="0.023">
                      
                    </testcase><testcase classname="web.WebServerSuite" name="GET /resultsstring1 should return the expected string" time="0.009">
                      
                    </testcase><testcase classname="web.WebServerSuite" name="GET /resultsstring2 should return the expected string" time="0.012">
                      
                    </testcase><testcase classname="web.WebServerSuite" name="Static files are served correctly" time="0.024">
                      
                    </testcase><testcase classname="web.WebServerSuite" name="POST /evaluate1 with valid JSON should return 200 status code" time="0.011">
                      
                    </testcase><testcase classname="web.WebServerSuite" name="POST /evaluate1 with invalid JSON should return error" time="0.011">
                      
                    </testcase><testcase classname="web.WebServerSuite" name="POST /evaluate2 with valid JSON should return 200 status code" time="2.836">
                      
                    </testcase><testcase classname="web.WebServerSuite" name="POST /evaluate2 with invalid JSON should return error" time="0.125">
                      
                    </testcase>
          <system-out><![CDATA[]]></system-out>
          <system-err><![CDATA[]]></system-err>
        </testsuite>